<?xml version="1.0" encoding="UTF-8"?>
<testsuite name="FileHandleTest" tests="1" skipped="0" failures="0" errors="0" timestamp="2019-08-06T06:57:48" hostname="RENTLAPT0021" time="0.008">
  <properties/>
  <testcase name="isReadFileDataReadingDataTest" classname="FileHandleTest" time="0.008"/>
  <system-out><![CDATA[]]></system-out>
  <system-err><![CDATA[]]></system-err>
</testsuite>
